<?xml version="1.0" encoding="UTF-8"?>
<!-- Generated by org.testng.reporters.JUnitReportReporter -->
<testsuite hostname="hp-PC" name="TestNGDemo.SimpleTestCase" tests="6" failures="0" timestamp="25 Sep 2016 16:05:05 GMT" time="0.045" errors="0">
  <testcase name="TC003" time="0.002" classname="TestNGDemo.SimpleTestCase"/>
  <testcase name="TC001" time="0.020" classname="TestNGDemo.SimpleTestCase"/>
  <testcase name="TC001" time="0.002" classname="TestNGDemo.SimpleTestCase"/>
  <testcase name="TC003" time="0.000" classname="TestNGDemo.SimpleTestCase"/>
  <testcase name="TC002" time="0.011" classname="TestNGDemo.SimpleTestCase"/>
  <testcase name="TC002" time="0.010" classname="TestNGDemo.SimpleTestCase"/>
</testsuite> <!-- TestNGDemo.SimpleTestCase -->
